<?xml version="1.0" encoding="UTF-8"?>
<!-- Generated by org.testng.reporters.JUnitXMLReporter -->
<testsuite ignored="0" hostname="DESKTOP-RDG3KHH" failures="0" tests="13" name="Default test" time="258.842" errors="0" timestamp="2023-10-13T17:44:18 IST">
  <testcase classname="org.check.ChromeTestingClass" name="login" time="15.604"/>
  <testcase classname="org.check.ChromeTestingClass" name="addCpu" time="22.414"/>
  <testcase classname="org.check.ChromeTestingClass" name="addCooler" time="28.113"/>
  <testcase classname="org.check.ChromeTestingClass" name="addMb" time="28.195"/>
  <testcase classname="org.check.ChromeTestingClass" name="addRam" time="28.354"/>
  <testcase classname="org.check.ChromeTestingClass" name="addSsd" time="27.693"/>
  <testcase classname="org.check.ChromeTestingClass" name="addGpu" time="28.827"/>
  <testcase classname="org.check.ChromeTestingClass" name="addPower" time="27.496"/>
  <testcase classname="org.check.ChromeTestingClass" name="addCabinet" time="27.822"/>
  <testcase classname="org.check.ChromeTestingClass" name="saveBuild" time="12.071"/>
  <testcase classname="org.check.ChromeTestingClass" name="createLink" time="6.065"/>
  <testcase classname="org.check.ChromeTestingClass" name="copyLink" time="6.034"/>
  <testcase classname="org.check.ChromeTestingClass" name="getPrice" time="0.042"/>
</testsuite> <!-- Default test -->
