<?xml version="1.0" encoding="UTF-8"?>
<!-- Generated by org.testng.reporters.JUnitXMLReporter -->
<testsuite ignored="0" hostname="DESKTOP-RDG3KHH" failures="0" tests="13" name="Test1" time="255.625" errors="0" timestamp="2023-10-13T14:52:34 IST">
  <testcase classname="org.check.EdgeTestingClass" name="login" time="15.118"/>
  <testcase classname="org.check.EdgeTestingClass" name="addCpu" time="21.713"/>
  <testcase classname="org.check.EdgeTestingClass" name="addCooler" time="27.983"/>
  <testcase classname="org.check.EdgeTestingClass" name="addMb" time="27.502"/>
  <testcase classname="org.check.EdgeTestingClass" name="addRam" time="28.316"/>
  <testcase classname="org.check.EdgeTestingClass" name="addSsd" time="27.349"/>
  <testcase classname="org.check.EdgeTestingClass" name="addGpu" time="27.975"/>
  <testcase classname="org.check.EdgeTestingClass" name="addPower" time="27.58"/>
  <testcase classname="org.check.EdgeTestingClass" name="addCabinet" time="27.819"/>
  <testcase classname="org.check.EdgeTestingClass" name="saveBuild" time="12.084"/>
  <testcase classname="org.check.EdgeTestingClass" name="createLink" time="6.08"/>
  <testcase classname="org.check.EdgeTestingClass" name="copyLink" time="6.043"/>
  <testcase classname="org.check.EdgeTestingClass" name="getPrice" time="0.031"/>
</testsuite> <!-- Test1 -->
