<?xml version="1.0" encoding="UTF-8"?>
<!-- Generated by org.testng.reporters.JUnitXMLReporter -->
<testsuite ignored="0" hostname="DESKTOP-RDG3KHH" failures="0" tests="13" name="Test" time="253.714" errors="0" timestamp="2023-10-13T14:48:18 IST">
  <testcase classname="org.check.ChromeTestingClass" name="login" time="14.541"/>
  <testcase classname="org.check.ChromeTestingClass" name="addCpu" time="22.13"/>
  <testcase classname="org.check.ChromeTestingClass" name="addCooler" time="27.437"/>
  <testcase classname="org.check.ChromeTestingClass" name="addMb" time="27.793"/>
  <testcase classname="org.check.ChromeTestingClass" name="addRam" time="27.684"/>
  <testcase classname="org.check.ChromeTestingClass" name="addSsd" time="27.124"/>
  <testcase classname="org.check.ChromeTestingClass" name="addGpu" time="27.581"/>
  <testcase classname="org.check.ChromeTestingClass" name="addPower" time="27.448"/>
  <testcase classname="org.check.ChromeTestingClass" name="addCabinet" time="27.689"/>
  <testcase classname="org.check.ChromeTestingClass" name="saveBuild" time="12.073"/>
  <testcase classname="org.check.ChromeTestingClass" name="createLink" time="6.065"/>
  <testcase classname="org.check.ChromeTestingClass" name="copyLink" time="6.037"/>
  <testcase classname="org.check.ChromeTestingClass" name="getPrice" time="0.032"/>
</testsuite> <!-- Test -->
