<?xml version="1.0" encoding="UTF-8"?>
<!-- Generated by org.testng.reporters.JUnitXMLReporter -->
<testsuite ignored="0" hostname="DESKTOP-RDG3KHH" failures="1" tests="1" name="Test2" time="11.571" errors="0" timestamp="2023-10-09T11:11:56 IST">
  <testcase classname="org.check.TestingClassNew" name="browser" time="11.529">
    <failure type="org.openqa.selenium.ElementClickInterceptedException" message="element click intercepted: Element &amp;lt;a class=&amp;quot;link-lg&amp;quot; data-toggle=&amp;quot;modal&amp;quot; id=&amp;quot;log_in_popup&amp;quot; data-target=&amp;quot;#md_sociallogin&amp;quot; onclick=&amp;quot;loginSection();&amp;quot;&amp;gt;...&amp;lt;/a&amp;gt; is not clickable at point (689, 18). Other element would receive the click: &amp;lt;div class=&amp;quot;modal fade in&amp;quot; id=&amp;quot;md_sociallogin&amp;quot; data-refresh=&amp;quot;true&amp;quot; tabindex=&amp;quot;-1&amp;quot; role=&amp;quot;dialog&amp;quot; aria-labelledby=&amp;quot;popupLoginLabel&amp;quot; aria-hidden=&amp;quot;true&amp;quot; data-backdrop=&amp;quot;static&amp;quot; data-keyboard=&amp;quot;false&amp;quot; style=&amp;quot;display: block; padding-right: 6px;&amp;quot;&amp;gt;...&amp;lt;/div&amp;gt;
  (Session info: MicrosoftEdge=117.0.2045.47)
Build info: version: &amp;apos;4.12.1&amp;apos;, revision: &amp;apos;8e34639b11&amp;apos;
System info: os.name: &amp;apos;Windows 11&amp;apos;, os.arch: &amp;apos;amd64&amp;apos;, os.version: &amp;apos;10.0&amp;apos;, java.version: &amp;apos;21&amp;apos;
Driver info: org.openqa.selenium.edge.EdgeDriver
Command: [56c5b1cdd936375073e4bdf18841961c, clickElement {id=6445E456ADCBDD0BC7B167B6C3D7FD8A_element_123}]
Capabilities {acceptInsecureCerts: false, browserName: msedge, browserVersion: 117.0.2045.47, fedcm:accounts: true, ms:edgeOptions: {debuggerAddress: localhost:52045}, msedge: {msedgedriverVersion: 117.0.2045.60 (a31cef5dc4c1..., userDataDir: C:\Windows\SystemTemp\scope...}, networkConnectionEnabled: false, pageLoadStrategy: normal, platformName: windows, proxy: Proxy(), se:cdp: ws://localhost:52045/devtoo..., se:cdpVersion: 117.0.2045.47, setWindowRect: true, strictFileInteractability: false, timeouts: {implicit: 0, pageLoad: 300000, script: 30000}, unhandledPromptBehavior: dismiss and notify, webauthn:extension:credBlob: true, webauthn:extension:largeBlob: true, webauthn:extension:minPinLength: true, webauthn:extension:prf: true, webauthn:virtualAuthenticators: true}
Element: [[EdgeDriver: msedge on windows (56c5b1cdd936375073e4bdf18841961c)] -&amp;gt; id: log_in_popup]
Session ID: 56c5b1cdd936375073e4bdf18841961c">
      <![CDATA[org.openqa.selenium.ElementClickInterceptedException: element click intercepted: Element <a class="link-lg" data-toggle="modal" id="log_in_popup" data-target="#md_sociallogin" onclick="loginSection();">...</a> is not clickable at point (689, 18). Other element would receive the click: <div class="modal fade in" id="md_sociallogin" data-refresh="true" tabindex="-1" role="dialog" aria-labelledby="popupLoginLabel" aria-hidden="true" data-backdrop="static" data-keyboard="false" style="display: block; padding-right: 6px;">...</div>
  (Session info: MicrosoftEdge=117.0.2045.47)
Build info: version: '4.12.1', revision: '8e34639b11'
System info: os.name: 'Windows 11', os.arch: 'amd64', os.version: '10.0', java.version: '21'
Driver info: org.openqa.selenium.edge.EdgeDriver
Command: [56c5b1cdd936375073e4bdf18841961c, clickElement {id=6445E456ADCBDD0BC7B167B6C3D7FD8A_element_123}]
Capabilities {acceptInsecureCerts: false, browserName: msedge, browserVersion: 117.0.2045.47, fedcm:accounts: true, ms:edgeOptions: {debuggerAddress: localhost:52045}, msedge: {msedgedriverVersion: 117.0.2045.60 (a31cef5dc4c1..., userDataDir: C:\Windows\SystemTemp\scope...}, networkConnectionEnabled: false, pageLoadStrategy: normal, platformName: windows, proxy: Proxy(), se:cdp: ws://localhost:52045/devtoo..., se:cdpVersion: 117.0.2045.47, setWindowRect: true, strictFileInteractability: false, timeouts: {implicit: 0, pageLoad: 300000, script: 30000}, unhandledPromptBehavior: dismiss and notify, webauthn:extension:credBlob: true, webauthn:extension:largeBlob: true, webauthn:extension:minPinLength: true, webauthn:extension:prf: true, webauthn:virtualAuthenticators: true}
Element: [[EdgeDriver: msedge on windows (56c5b1cdd936375073e4bdf18841961c)] -> id: log_in_popup]
Session ID: 56c5b1cdd936375073e4bdf18841961c
at org.openqa.selenium.remote.codec.w3c.W3CHttpResponseCodec.createException(W3CHttpResponseCodec.java:200)
at org.openqa.selenium.remote.codec.w3c.W3CHttpResponseCodec.decode(W3CHttpResponseCodec.java:133)
at org.openqa.selenium.remote.codec.w3c.W3CHttpResponseCodec.decode(W3CHttpResponseCodec.java:52)
at org.openqa.selenium.remote.HttpCommandExecutor.execute(HttpCommandExecutor.java:191)
at org.openqa.selenium.remote.service.DriverCommandExecutor.invokeExecute(DriverCommandExecutor.java:196)
at org.openqa.selenium.remote.service.DriverCommandExecutor.execute(DriverCommandExecutor.java:171)
at org.openqa.selenium.remote.RemoteWebDriver.execute(RemoteWebDriver.java:602)
at org.openqa.selenium.remote.RemoteWebElement.execute(RemoteWebElement.java:224)
at org.openqa.selenium.remote.RemoteWebElement.click(RemoteWebElement.java:77)
at org.openqa.selenium.support.pagefactory.internal.LocatingElementHandler.invoke(LocatingElementHandler.java:51)
at jdk.proxy2/jdk.proxy2.$Proxy16.click(Unknown Source)
at org.check.TestingClassNew.browser(TestingClassNew.java:20)
at java.base/java.util.ArrayList.forEach(ArrayList.java:1596)
at java.base/java.util.concurrent.FutureTask.run(FutureTask.java:317)
at java.base/java.util.concurrent.ThreadPoolExecutor.runWorker(ThreadPoolExecutor.java:1144)
at java.base/java.util.concurrent.ThreadPoolExecutor$Worker.run(ThreadPoolExecutor.java:642)
at java.base/java.lang.Thread.run(Thread.java:1583)
... Removed 21 stack frames]]>
    </failure>
  </testcase> <!-- browser -->
</testsuite> <!-- Test2 -->
